<?xml version="1.0" encoding="UTF-8"?>
<!-- Generated by org.testng.reporters.JUnitReportReporter -->
<testsuite hostname="DESKTOP-QBUU8LO" failures="0" tests="1" name="OrangeHRMTestClass.OrangeHrmValidateEmplistButton" time="6.087" errors="0" timestamp="2022-11-29T17:38:56 IST" skipped="0">
  <testcase classname="OrangeHRMTestClass.OrangeHrmValidateEmplistButton" name="validateEMPList" time="6.087"/>
  <system-out>
    <![CDATA[clickon PIM
getting text from emplist button
TestvalidateEMPList case is completed successfully]]>
  </system-out>
</testsuite> <!-- OrangeHRMTestClass.OrangeHrmValidateEmplistButton -->
